<?xml version='1.0' encoding='utf-8'?>
<testsuite name="karvey-guard-tables" tests="474" failures="0"><testcase classname="approval" name="ap-01-approval-aprobado" time="0.096" /><testcase classname="approval" name="ap-01-approval-aprobado [nopy]" time="0.007" /><testcase classname="approval" name="ap-02-approval-ok" time="0.094" /><testcase classname="approval" name="ap-03-approval-dale" time="0.099" /><testcase classname="approval" name="ap-04-approval-approved" time="0.097" /><testcase classname="approval" name="ap-05-approval-lgtm" time="0.096" /><testcase classname="approval" name="ap-06-approval-perfecto" time="0.103" /><testcase classname="approval" name="ap-07-approval-si" time="0.096" /><testcase classname="approval" name="ap-08-negation-or-question" time="0.085" /><testcase classname="approval" name="ap-09-negation-or-question" time="0.084" /><testcase classname="approval" name="ap-10-negation-or-question" time="0.085" /><testcase classname="approval" name="ap-11-negation-or-question" time="0.090" /><testcase classname="approval" name="ap-12-negation-or-question" time="0.087" /><testcase classname="approval" name="ap-13-negation-or-question" time="0.084" /><testcase classname="approval" name="ap-14-negation-or-question" time="0.089" /><testcase classname="approval" name="ap-15-quoted-code-fence" time="0.087" /><testcase classname="approval" name="ap-16-quoted-blockquote" time="0.086" /><testcase classname="approval" name="ap-17-quoted-log-string" time="0.096" /><testcase classname="approval" name="ap-18-pasted-long-line" time="0.085" /><testcase classname="approval" name="ap-19-prod-kind-d10" time="0.096" /><testcase classname="approval" name="ap-20-plain-approval-is-plan-kind" time="0.104" /><testcase classname="approval" name="ap-21-prod-kind-release-produccion" time="0.095" /><testcase classname="approval" name="ap-22-prod-word-with-negation" time="0.084" /><testcase classname="approval" name="ap-23-scope-named-change" time="0.096" /><testcase classname="approval" name="ap-24-scope-branch-change" time="0.094" /><testcase classname="approval" name="ap-25-scope-several-active-project" time="0.104" /><testcase classname="approval" name="ap-26-scope-archived-and-implemented-excluded" time="0.105" /><testcase classname="approval" name="ap-27-non-karvey-repo-silent" time="0.083" /><testcase classname="approval" name="ap-28-long-prompt-late-approval-ignored" time="0.092" /><testcase classname="approval" name="ap-29-long-prompt-early-approval" time="0.097" /><testcase classname="approval" name="ap-30-huge-prompt-scans-first-2kb" time="0.129" /><testcase classname="approval" name="ap-31-excerpt-80-chars" time="0.105" /><testcase classname="approval" name="ap-32-compat-marker-written-d11" time="0.098" /><testcase classname="approval" name="ap-33-no-compat-marker-without-env" time="0.101" /><testcase classname="approval" name="ap-34-ttl-from-reviewed-line" time="0.097" /><testcase classname="approval" name="ap-35-ttl-working-copy-edit-ignored" time="0.097" /><testcase classname="approval" name="ap-36-vocabulary-from-reviewed-line" time="0.095" /><testcase classname="approval" name="ap-37-vocabulary-working-copy-edit-ignored" time="0.096" /><testcase classname="approval" name="ap-38-fail-open-when-marker-cannot-be-written" time="0.096" /><testcase classname="approval" name="ap-39-single-line-over-200-chars-counts-as-pasted" time="0.084" /><testcase classname="compat" name="compat-pg1-02-gh-merge-with-ledger" time="0.107" /><testcase classname="compat" name="compat-pg1-04-gh-merge-current-branch-with-ledger" time="0.110" /><testcase classname="compat" name="compat-pg1-06-gh-merge-into-dev-silent" time="0.097" /><testcase classname="compat" name="compat-pg1-07-change-from-deploy-title" time="0.142" /><testcase classname="compat" name="compat-pg1-09-change-from-the-only-deploying" time="0.108" /><testcase classname="compat" name="compat-pg1-15-gh-api-rest-merge-with-ledger" time="0.110" /><testcase classname="compat" name="compat-pg1-17-gh-api-read-is-not-a-merge" time="0.083" /><testcase classname="compat" name="compat-pg1-20-az-complete-with-ledger" time="0.111" /><testcase classname="compat" name="compat-pg1-21-az-title-update-is-not-a-merge" time="0.086" /><testcase classname="compat" name="compat-pg1-23-glab-merge-with-ledger" time="0.128" /><testcase classname="compat" name="compat-pg1-24-glab-merge-into-dev-silent" time="0.092" /><testcase classname="compat" name="compat-pg1-26-git-push-head-main-with-ledger" time="0.108" /><testcase classname="compat" name="compat-pg1-27-git-push-feature-silent" time="0.091" /><testcase classname="compat" name="compat-pg1-28-git-push-dev-silent" time="0.096" /><testcase classname="compat" name="compat-pg2-02-false-in-both-disabled" time="0.100" /><testcase classname="compat" name="compat-pg2-09-non-karvey-repo-silent" time="0.084" /><testcase classname="compat" name="compat-pg2-10-several-deploying-warns" time="0.110" /><testcase classname="compat" name="compat-pg2-13-audit-line-on-allow" time="0.116" /><testcase classname="compat" name="compat-pg2-15-audit-line-on-disabled" time="0.087" /><testcase classname="compat" name="compat-pg2-17-nopy-push-feature-allowed" time="0.094" /><testcase classname="compat" name="compat-pg2-18-nopy-bare-push-blocks" time="0.089" /><testcase classname="compat" name="compat-pg3-01-pr-into-dev-default-dev-not-gated" time="0.097" /><testcase classname="compat" name="compat-pg3-02-merge-into-dev-default-dev-not-gated" time="0.091" /><testcase classname="compat" name="compat-pgm-01-warn-unmapped-allows-with-line" time="0.111" /><testcase classname="compat" name="compat-pgm-02-warn-pass-no-line" time="0.116" /><testcase classname="compat" name="compat-pgm-03-warn-not-computable-allows" time="0.113" /><testcase classname="compat" name="compat-pgm-07-blocking-two-changes-both-approved-allows" time="0.111" /><testcase classname="compat" name="compat-gf-03-commit-on-feature" time="0.089" /><testcase classname="compat" name="compat-gf-07-commit-am-on-feature" time="0.089" /><testcase classname="compat" name="compat-gf-10-bare-push-on-dev-allowed" time="0.093" /><testcase classname="compat" name="compat-gf-11-bare-push-on-feature" time="0.090" /><testcase classname="compat" name="compat-gf-19-push-master-notes-whole-name" time="0.094" /><testcase classname="compat" name="compat-gf-21-push-dev-from-feature-allowed" time="0.095" /><testcase classname="compat" name="compat-gf-24-push-dry-run-master" time="0.093" /><testcase classname="compat" name="compat-gf-26-push-set-upstream-feature" time="0.093" /><testcase classname="compat" name="compat-gf-29-merge-on-dev-allowed" time="0.089" /><testcase classname="compat" name="compat-gf-32-merge-abort-on-master-allowed" time="0.087" /><testcase classname="compat" name="compat-gf-41-vercel-preview-allowed" time="0.086" /><testcase classname="compat" name="compat-gf-43-git-C-repo-on-feature-allowed" time="0.088" /><testcase classname="compat" name="compat-gf-53-trunk-push-feature" time="0.090" /><testcase classname="compat" name="compat-gf-55-trunk-commit-on-feature" time="0.088" /><testcase classname="compat" name="compat-gf-56-disabled-by-default" time="0.089" /><testcase classname="compat" name="compat-gf-58-non-karvey-repo-inert" time="0.083" /><testcase classname="compat" name="compat-gf-59-read-only-git-allowed" time="0.087" /><testcase classname="compat" name="compat-pg-01-not-a-write" time="0.080" /><testcase classname="compat" name="compat-pg-02-not-a-write" time="0.085" /><testcase classname="compat" name="compat-pg-03-not-a-write" time="0.079" /><testcase classname="compat" name="compat-pg-04-not-a-write" time="0.079" /><testcase classname="compat" name="compat-pg-05-not-a-write" time="0.079" /><testcase classname="compat" name="compat-pg-06-not-a-write" time="0.083" /><testcase classname="compat" name="compat-pg-07-not-a-write" time="0.083" /><testcase classname="compat" name="compat-pg-08-not-a-write" time="0.080" /><testcase classname="compat" name="compat-pg-37-allowed" time="0.080" /><testcase classname="compat" name="compat-pg-38-allowed" time="0.079" /><testcase classname="compat" name="compat-pg-39-allowed" time="0.081" /><testcase classname="compat" name="compat-pg-40-allowed" time="0.080" /><testcase classname="compat" name="compat-pg-41-allowed" time="0.089" /><testcase classname="compat" name="compat-pg-42-allowed" time="0.082" /><testcase classname="compat" name="compat-pg-47-valid-project-marker-10min" time="0.097" /><testcase classname="compat" name="compat-pg-53-marker-of-the-active-change" time="0.090" /><testcase classname="compat" name="compat-pg-54-prod-marker-also-satisfies" time="0.090" /><testcase classname="compat" name="compat-pg-56-marker-allows-git-clean" time="0.090" /><testcase classname="compat" name="compat-pg-59-disabled-by-default" time="0.091" /><testcase classname="compat" name="compat-pg-60-non-karvey-repo-inert" time="0.079" /><testcase classname="compat" name="compat-pg-63-unparsable-harmless-allowed" time="0.081" /><testcase classname="compat" name="compat-sw-01-valid-spec-silent" time="0.094" /><testcase classname="compat" name="compat-sw-02-valid-project-json-silent" time="0.106" /><testcase classname="compat" name="compat-sw-06-non-spec-file-in-docs-spec" time="0.102" /><testcase classname="compat" name="compat-sw-07-non-spec-file-outside-docs-spec" time="0.079" /><testcase classname="compat" name="compat-sw-08-spec-json-outside-docs-spec" time="0.084" /><testcase classname="compat" name="compat-sw-11-non-karvey-repo-silent" time="0.086" /><testcase classname="compat" name="compat-sw-12-pending-sorted-dedup-lf" time="0.084" /><testcase classname="compat" name="compat-sw-13-pending-never-records-itself" time="0.081" /><testcase classname="compat" name="compat-sw-14-pending-never-records-graphify-out" time="0.090" /><testcase classname="git-flow" name="gf-01-commit-on-master" time="0.091" /><testcase classname="git-flow" name="gf-01-commit-on-master [nopy]" time="0.028" /><testcase classname="git-flow" name="gf-02-commit-on-dev" time="0.085" /><testcase classname="git-flow" name="gf-03-commit-on-feature" time="0.089" /><testcase classname="git-flow" name="gf-03-commit-on-feature [nopy]" time="0.027" /><testcase classname="git-flow" name="gf-04-amend-on-dev" time="0.086" /><testcase classname="git-flow" name="gf-05-commit-with-config-option-on-master" time="0.092" /><testcase classname="git-flow" name="gf-06-commit-no-verify-on-master" time="0.111" /><testcase classname="git-flow" name="gf-07-commit-am-on-feature" time="0.089" /><testcase classname="git-flow" name="gf-08-commit-after-switch-is-not-predicted" time="0.091" /><testcase classname="git-flow" name="gf-09-bare-push-on-master" time="0.100" /><testcase classname="git-flow" name="gf-10-bare-push-on-dev-allowed" time="0.089" /><testcase classname="git-flow" name="gf-11-bare-push-on-feature" time="0.095" /><testcase classname="git-flow" name="gf-12-push-master-from-feature" time="0.093" /><testcase classname="git-flow" name="gf-12-push-master-from-feature [nopy]" time="0.033" /><testcase classname="git-flow" name="gf-13-push-head-to-master" time="0.091" /><testcase classname="git-flow" name="gf-14-push-refs-heads-master" time="0.096" /><testcase classname="git-flow" name="gf-15-push-delete-master" time="0.088" /><testcase classname="git-flow" name="gf-16-push-plus-refspec-to-master" time="0.093" /><testcase classname="git-flow" name="gf-17-push-all" time="0.097" /><testcase classname="git-flow" name="gf-18-push-mirror" time="0.090" /><testcase classname="git-flow" name="gf-19-push-master-notes-whole-name" time="0.090" /><testcase classname="git-flow" name="gf-20-push-feature-into-dev" time="0.094" /><testcase classname="git-flow" name="gf-21-push-dev-from-feature-allowed" time="0.099" /><testcase classname="git-flow" name="gf-21-push-dev-from-feature-allowed [nopy]" time="0.032" /><testcase classname="git-flow" name="gf-22-force-push-dev" time="0.089" /><testcase classname="git-flow" name="gf-23-push-head-into-dev-from-feature" time="0.110" /><testcase classname="git-flow" name="gf-24-push-dry-run-master" time="0.093" /><testcase classname="git-flow" name="gf-25-push-unresolvable-destination" time="0.097" /><testcase classname="git-flow" name="gf-26-push-set-upstream-feature" time="0.093" /><testcase classname="git-flow" name="gf-27-push-delete-flag-dev" time="0.094" /><testcase classname="git-flow" name="gf-28-merge-on-master" time="0.085" /><testcase classname="git-flow" name="gf-29-merge-on-dev-allowed" time="0.091" /><testcase classname="git-flow" name="gf-30-cherry-pick-on-dev" time="0.087" /><testcase classname="git-flow" name="gf-31-revert-on-master" time="0.092" /><testcase classname="git-flow" name="gf-32-merge-abort-on-master-allowed" time="0.094" /><testcase classname="git-flow" name="gf-33-am-on-dev" time="0.094" /><testcase classname="git-flow" name="gf-34-manual-deploy-func-publish" time="0.083" /><testcase classname="git-flow" name="gf-34-manual-deploy-func-publish [nopy]" time="0.030" /><testcase classname="git-flow" name="gf-35-manual-deploy-az-webapp-up" time="0.083" /><testcase classname="git-flow" name="gf-36-manual-deploy-az-config-zip" time="0.085" /><testcase classname="git-flow" name="gf-37-manual-deploy-vercel-prod" time="0.082" /><testcase classname="git-flow" name="gf-38-manual-deploy-netlify-prod" time="0.082" /><testcase classname="git-flow" name="gf-39-manual-deploy-firebase-deploy" time="0.084" /><testcase classname="git-flow" name="gf-40-manual-deploy-gcloud-run-deploy" time="0.094" /><testcase classname="git-flow" name="gf-41-vercel-preview-allowed" time="0.083" /><testcase classname="git-flow" name="gf-42-git-C-repo-on-master-from-elsewhere" time="0.088" /><testcase classname="git-flow" name="gf-43-git-C-repo-on-feature-allowed" time="0.095" /><testcase classname="git-flow" name="gf-44-cd-then-commit" time="0.086" /><testcase classname="git-flow" name="gf-45-bash-c-wrapped-commit" time="0.088" /><testcase classname="git-flow" name="gf-46-GIT_DIR-assignment" time="0.088" /><testcase classname="git-flow" name="gf-47-alias-ci-is-commit" time="0.092" /><testcase classname="git-flow" name="gf-48-shell-alias-push" time="0.087" /><testcase classname="git-flow" name="gf-49-unresolvable-C-variable" time="0.079" /><testcase classname="git-flow" name="gf-50-trunk-commit-on-main" time="0.086" /><testcase classname="git-flow" name="gf-50-trunk-commit-on-main [nopy]" time="0.036" /><testcase classname="git-flow" name="gf-51-trunk-merge-on-main" time="0.086" /><testcase classname="git-flow" name="gf-52-trunk-bare-push-on-main" time="0.094" /><testcase classname="git-flow" name="gf-53-trunk-push-feature" time="0.097" /><testcase classname="git-flow" name="gf-54-trunk-push-head-to-main" time="0.089" /><testcase classname="git-flow" name="gf-55-trunk-commit-on-feature" time="0.086" /><testcase classname="git-flow" name="gf-55-trunk-commit-on-feature [nopy]" time="0.029" /><testcase classname="git-flow" name="gf-56-disabled-by-default" time="0.088" /><testcase classname="git-flow" name="gf-56-disabled-by-default [nopy]" time="0.038" /><testcase classname="git-flow" name="gf-57-on-in-reviewed-line-only" time="0.088" /><testcase classname="git-flow" name="gf-58-non-karvey-repo-inert" time="0.080" /><testcase classname="git-flow" name="gf-58-non-karvey-repo-inert [nopy]" time="0.023" /><testcase classname="git-flow" name="gf-59-read-only-git-allowed" time="0.083" /><testcase classname="git-flow" name="gf-59-read-only-git-allowed [nopy]" time="0.040" /><testcase classname="notify-confirm" name="nc-01-human-phrase-records-the-confirmation" time="0.124" /><testcase classname="notify-confirm" name="nc-01-human-phrase-records-the-confirmation [nopy]" time="0.006" /><testcase classname="notify-confirm" name="nc-02-english-phrase-and-approval-together" time="0.106" /><testcase classname="notify-confirm" name="nc-03-question-or-negation-records-nothing" time="0.095" /><testcase classname="notify-confirm" name="nc-04-quoted-phrase-records-nothing" time="0.094" /><testcase classname="notify-confirm" name="nc-05-agent-alone-cannot-confirm" time="0.066" /><testcase classname="notify-confirm" name="nc-06-human-prompt-then-confirm-records" time="0.073" /><testcase classname="notify-confirm" name="nc-07-marker-for-another-destination-does-not-count" time="0.076" /><testcase classname="notify-confirm" name="nc-08-marker-for-another-project-does-not-count" time="0.063" /><testcase classname="notify-confirm" name="nc-09-expired-marker-does-not-count" time="0.073" /><testcase classname="notify-confirm" name="nc-10-protect-paths-blocks-writing-the-confirmation" time="0.086" /><testcase classname="notify-confirm" name="nc-10-protect-paths-blocks-writing-the-confirmation [nopy]" time="0.009" /><testcase classname="notify-confirm" name="nc-11-protect-paths-blocks-editing-the-confirmation" time="0.086" /><testcase classname="notify-confirm" name="nc-11-protect-paths-blocks-editing-the-confirmation [nopy]" time="0.011" /><testcase classname="notify-confirm" name="nc-12-protect-paths-blocks-writing-the-notify-record" time="0.093" /><testcase classname="notify-confirm" name="nc-12-protect-paths-blocks-writing-the-notify-record [nopy]" time="0.009" /><testcase classname="plan-gate" name="pg-01-not-a-write" time="0.087" /><testcase classname="plan-gate" name="pg-01-not-a-write [nopy]" time="0.040" /><testcase classname="plan-gate" name="pg-02-not-a-write" time="0.080" /><testcase classname="plan-gate" name="pg-03-not-a-write" time="0.081" /><testcase classname="plan-gate" name="pg-04-not-a-write" time="0.081" /><testcase classname="plan-gate" name="pg-05-not-a-write" time="0.080" /><testcase classname="plan-gate" name="pg-05-not-a-write [nopy]" time="0.044" /><testcase classname="plan-gate" name="pg-06-not-a-write" time="0.089" /><testcase classname="plan-gate" name="pg-07-not-a-write" time="0.088" /><testcase classname="plan-gate" name="pg-08-not-a-write" time="0.090" /><testcase classname="plan-gate" name="pg-09-write" time="0.105" /><testcase classname="plan-gate" name="pg-09-write [nopy]" time="0.045" /><testcase classname="plan-gate" name="pg-10-write" time="0.113" /><testcase classname="plan-gate" name="pg-11-write" time="0.108" /><testcase classname="plan-gate" name="pg-12-write" time="0.113" /><testcase classname="plan-gate" name="pg-13-write" time="0.105" /><testcase classname="plan-gate" name="pg-14-write" time="0.098" /><testcase classname="plan-gate" name="pg-15-destructive" time="0.105" /><testcase classname="plan-gate" name="pg-15-destructive [nopy]" time="0.040" /><testcase classname="plan-gate" name="pg-16-destructive" time="0.101" /><testcase classname="plan-gate" name="pg-17-destructive" time="0.105" /><testcase classname="plan-gate" name="pg-17-destructive [nopy]" time="0.042" /><testcase classname="plan-gate" name="pg-18-destructive" time="0.098" /><testcase classname="plan-gate" name="pg-19-destructive" time="0.099" /><testcase classname="plan-gate" name="pg-20-destructive" time="0.110" /><testcase classname="plan-gate" name="pg-21-destructive" time="0.113" /><testcase classname="plan-gate" name="pg-22-destructive" time="0.105" /><testcase classname="plan-gate" name="pg-22-destructive [nopy]" time="0.045" /><testcase classname="plan-gate" name="pg-23-destructive" time="0.103" /><testcase classname="plan-gate" name="pg-24-destructive" time="0.112" /><testcase classname="plan-gate" name="pg-25-destructive" time="0.111" /><testcase classname="plan-gate" name="pg-26-destructive" time="0.102" /><testcase classname="plan-gate" name="pg-27-destructive" time="0.103" /><testcase classname="plan-gate" name="pg-28-destructive" time="0.103" /><testcase classname="plan-gate" name="pg-29-destructive" time="0.112" /><testcase classname="plan-gate" name="pg-30-destructive" time="0.107" /><testcase classname="plan-gate" name="pg-31-destructive" time="0.103" /><testcase classname="plan-gate" name="pg-32-destructive" time="0.132" /><testcase classname="plan-gate" name="pg-33-destructive" time="0.127" /><testcase classname="plan-gate" name="pg-34-destructive" time="0.110" /><testcase classname="plan-gate" name="pg-35-destructive" time="0.114" /><testcase classname="plan-gate" name="pg-36-destructive" time="0.133" /><testcase classname="plan-gate" name="pg-37-allowed" time="0.104" /><testcase classname="plan-gate" name="pg-38-allowed" time="0.102" /><testcase classname="plan-gate" name="pg-39-allowed" time="0.099" /><testcase classname="plan-gate" name="pg-40-allowed" time="0.090" /><testcase classname="plan-gate" name="pg-41-allowed" time="0.104" /><testcase classname="plan-gate" name="pg-42-allowed" time="0.089" /><testcase classname="plan-gate" name="pg-43-edit-without-marker" time="0.099" /><testcase classname="plan-gate" name="pg-43-edit-without-marker [nopy]" time="0.017" /><testcase classname="plan-gate" name="pg-44-edit-without-marker" time="0.105" /><testcase classname="plan-gate" name="pg-44-edit-without-marker [nopy]" time="0.017" /><testcase classname="plan-gate" name="pg-45-edit-without-marker" time="0.102" /><testcase classname="plan-gate" name="pg-46-edit-without-marker" time="0.101" /><testcase classname="plan-gate" name="pg-47-valid-project-marker-10min" time="0.098" /><testcase classname="plan-gate" name="pg-47-valid-project-marker-10min [nopy]" time="0.016" /><testcase classname="plan-gate" name="pg-48-marker-of-another-project" time="0.103" /><testcase classname="plan-gate" name="pg-49-marker-121-min-old" time="0.102" /><testcase classname="plan-gate" name="pg-50-consumed-marker" time="0.104" /><testcase classname="plan-gate" name="pg-51-touch-empty-file-is-forged" time="0.105" /><testcase classname="plan-gate" name="pg-52-marker-of-another-change" time="0.101" /><testcase classname="plan-gate" name="pg-53-marker-of-the-active-change" time="0.095" /><testcase classname="plan-gate" name="pg-54-prod-marker-also-satisfies" time="0.108" /><testcase classname="plan-gate" name="pg-55-reviewed-ttl-30-min" time="0.111" /><testcase classname="plan-gate" name="pg-56-marker-allows-git-clean" time="0.110" /><testcase classname="plan-gate" name="pg-56-marker-allows-git-clean [nopy]" time="0.040" /><testcase classname="plan-gate" name="pg-57-interpreter-write-python" time="0.089" /><testcase classname="plan-gate" name="pg-58-interpreter-write-node" time="0.094" /><testcase classname="plan-gate" name="pg-59-disabled-by-default" time="0.112" /><testcase classname="plan-gate" name="pg-59-disabled-by-default [nopy]" time="0.026" /><testcase classname="plan-gate" name="pg-60-non-karvey-repo-inert" time="0.111" /><testcase classname="plan-gate" name="pg-60-non-karvey-repo-inert [nopy]" time="0.021" /><testcase classname="plan-gate" name="pg-61-on-in-reviewed-line-only" time="0.131" /><testcase classname="plan-gate" name="pg-61-on-in-reviewed-line-only [nopy]" time="0.025" /><testcase classname="plan-gate" name="pg-62-unparsable-destructive-falls-back-to-regex" time="0.117" /><testcase classname="plan-gate" name="pg-63-unparsable-harmless-allowed" time="0.103" /><testcase classname="prod-gate" name="pg1-01-gh-merge-admin-no-approval" time="0.113" /><testcase classname="prod-gate" name="pg1-01-gh-merge-admin-no-approval [nopy]" time="0.023" /><testcase classname="prod-gate" name="pg1-02-gh-merge-with-ledger" time="0.123" /><testcase classname="prod-gate" name="pg1-02-gh-merge-with-ledger [nopy]" time="0.021" /><testcase classname="prod-gate" name="pg1-03-gh-merge-squash-auto-no-approval" time="0.109" /><testcase classname="prod-gate" name="pg1-04-gh-merge-current-branch-with-ledger" time="0.125" /><testcase classname="prod-gate" name="pg1-05-gh-merge-url-no-approval" time="0.118" /><testcase classname="prod-gate" name="pg1-06-gh-merge-into-dev-silent" time="0.105" /><testcase classname="prod-gate" name="pg1-06-gh-merge-into-dev-silent [nopy]" time="0.022" /><testcase classname="prod-gate" name="pg1-07-change-from-deploy-title" time="0.126" /><testcase classname="prod-gate" name="pg1-08-change-cannot-be-determined" time="0.110" /><testcase classname="prod-gate" name="pg1-09-change-from-the-only-deploying" time="0.123" /><testcase classname="prod-gate" name="pg1-10-gh-merge-with-repo-flag" time="0.112" /><testcase classname="prod-gate" name="pg1-11-renamed-production-still-gates-main" time="0.107" /><testcase classname="prod-gate" name="pg1-12-gh-timeout-fails-closed" time="6.118" /><testcase classname="prod-gate" name="pg1-13-gh-error-fails-closed" time="0.095" /><testcase classname="prod-gate" name="pg1-14-gh-api-rest-merge-no-approval" time="0.100" /><testcase classname="prod-gate" name="pg1-15-gh-api-rest-merge-with-ledger" time="0.116" /><testcase classname="prod-gate" name="pg1-16-gh-api-graphql-merge-blocked" time="0.095" /><testcase classname="prod-gate" name="pg1-17-gh-api-read-is-not-a-merge" time="0.098" /><testcase classname="prod-gate" name="pg1-18-az-complete-no-approval" time="0.100" /><testcase classname="prod-gate" name="pg1-19-az-auto-complete-no-approval" time="0.106" /><testcase classname="prod-gate" name="pg1-20-az-complete-with-ledger" time="0.117" /><testcase classname="prod-gate" name="pg1-21-az-title-update-is-not-a-merge" time="0.085" /><testcase classname="prod-gate" name="pg1-22-glab-merge-no-approval" time="0.101" /><testcase classname="prod-gate" name="pg1-23-glab-merge-with-ledger" time="0.113" /><testcase classname="prod-gate" name="pg1-24-glab-merge-into-dev-silent" time="0.095" /><testcase classname="prod-gate" name="pg1-25-git-push-main-no-approval" time="0.100" /><testcase classname="prod-gate" name="pg1-25-git-push-main-no-approval [nopy]" time="0.022" /><testcase classname="prod-gate" name="pg1-26-git-push-head-main-with-ledger" time="0.113" /><testcase classname="prod-gate" name="pg1-26-git-push-head-main-with-ledger [nopy]" time="0.029" /><testcase classname="prod-gate" name="pg1-27-git-push-feature-silent" time="0.105" /><testcase classname="prod-gate" name="pg1-27-git-push-feature-silent [nopy]" time="0.059" /><testcase classname="prod-gate" name="pg1-28-git-push-dev-silent" time="0.098" /><testcase classname="prod-gate" name="pg1-29-trunk-push-to-main-no-approval" time="0.101" /><testcase classname="prod-gate" name="pg1-30-wrapper-bash-c" time="0.104" /><testcase classname="prod-gate" name="pg1-30-wrapper-bash-c [nopy]" time="0.021" /><testcase classname="prod-gate" name="pg1-31-wrapper-env-prefix" time="0.102" /><testcase classname="prod-gate" name="pg1-32-wrapper-env-command" time="0.109" /><testcase classname="prod-gate" name="pg1-33-wrapper-command-builtin" time="0.100" /><testcase classname="prod-gate" name="pg1-34-wrapper-absolute-path" time="0.097" /><testcase classname="prod-gate" name="pg1-35-wrapper-substitution" time="0.099" /><testcase classname="prod-gate" name="pg2-01-no-key-is-on" time="0.101" /><testcase classname="prod-gate" name="pg2-01-no-key-is-on [nopy]" time="0.020" /><testcase classname="prod-gate" name="pg2-02-false-in-both-disabled" time="0.087" /><testcase classname="prod-gate" name="pg2-02-false-in-both-disabled [nopy]" time="0.043" /><testcase classname="prod-gate" name="pg2-03-false-only-in-working-copy-blocks" time="0.109" /><testcase classname="prod-gate" name="pg2-03-false-only-in-working-copy-blocks [nopy]" time="0.021" /><testcase classname="prod-gate" name="pg2-04-non-boolean-no-is-on" time="0.108" /><testcase classname="prod-gate" name="pg2-05-corrupt-spec-json" time="0.106" /><testcase classname="prod-gate" name="pg2-06-invalid-spec-json-phase" time="0.103" /><testcase classname="prod-gate" name="pg2-07-hand-edited-approvals-prod-without-ledger" time="0.099" /><testcase classname="prod-gate" name="pg2-08-corrupt-ledger" time="0.128" /><testcase classname="prod-gate" name="pg2-09-non-karvey-repo-silent" time="0.099" /><testcase classname="prod-gate" name="pg2-09-non-karvey-repo-silent [nopy]" time="0.029" /><testcase classname="prod-gate" name="pg2-10-several-deploying-warns" time="0.127" /><testcase classname="prod-gate" name="pg2-11-changes-without-project-json" time="0.197" /><testcase classname="prod-gate" name="pg2-12-project-json-unreadable" time="0.085" /><testcase classname="prod-gate" name="pg2-13-audit-line-on-allow" time="0.110" /><testcase classname="prod-gate" name="pg2-14-audit-line-on-block" time="0.098" /><testcase classname="prod-gate" name="pg2-15-audit-line-on-disabled" time="0.098" /><testcase classname="prod-gate" name="pg2-16-unparsable-merge-fails-closed" time="0.086" /><testcase classname="prod-gate" name="pg2-17-nopy-push-feature-allowed" time="0.092" /><testcase classname="prod-gate" name="pg2-17-nopy-push-feature-allowed [nopy]" time="0.042" /><testcase classname="prod-gate" name="pg2-18-nopy-bare-push-blocks" time="0.095" /><testcase classname="prod-gate" name="pg2-18-nopy-bare-push-blocks [nopy]" time="0.022" /><testcase classname="prod-gate" name="pg3-01-pr-into-dev-default-dev-not-gated" time="0.098" /><testcase classname="prod-gate" name="pg3-01-pr-into-dev-default-dev-not-gated [nopy]" time="0.019" /><testcase classname="prod-gate" name="pg3-02-merge-into-dev-default-dev-not-gated" time="0.097" /><testcase classname="prod-gate" name="pg3-03-pr-into-master-default-dev-gated" time="0.100" /><testcase classname="prod-gate" name="pg3-03-pr-into-master-default-dev-gated [nopy]" time="0.021" /><testcase classname="prod-gate" name="pg3-04-pr-into-main-default-dev-gated" time="0.098" /><testcase classname="prod-gate" name="pg3-05-push-master-default-dev-gated" time="0.102" /><testcase classname="prod-gate" name="pg3-06-integration-named-main-still-gated" time="0.117" /><testcase classname="prod-gate" name="pgm-01-warn-unmapped-allows-with-line" time="0.154" /><testcase classname="prod-gate" name="pgm-02-warn-pass-no-line" time="0.110" /><testcase classname="prod-gate" name="pgm-03-warn-not-computable-allows" time="0.108" /><testcase classname="prod-gate" name="pgm-04-blocking-unmapped-blocks" time="0.116" /><testcase classname="prod-gate" name="pgm-05-blocking-change-without-qa-blocks" time="0.115" /><testcase classname="prod-gate" name="pgm-06-blocking-not-computable-blocks" time="0.107" /><testcase classname="prod-gate" name="pgm-07-blocking-two-changes-both-approved-allows" time="0.122" /><testcase classname="prod-gate" name="pgm-08-blocking-second-change-without-prod-approval-blocks" time="0.112" /><testcase classname="protect-paths" name="pp-01-touch-marker" time="0.081" /><testcase classname="protect-paths" name="pp-01-touch-marker [nopy]" time="0.009" /><testcase classname="protect-paths" name="pp-02-echo-redirect-into-marker" time="0.079" /><testcase classname="protect-paths" name="pp-02-echo-redirect-into-marker [nopy]" time="0.009" /><testcase classname="protect-paths" name="pp-03-cp-into-approvals" time="0.081" /><testcase classname="protect-paths" name="pp-03-cp-into-approvals [nopy]" time="0.009" /><testcase classname="protect-paths" name="pp-04-mv-ledger" time="0.082" /><testcase classname="protect-paths" name="pp-04-mv-ledger [nopy]" time="0.009" /><testcase classname="protect-paths" name="pp-05-python-writes-marker" time="0.082" /><testcase classname="protect-paths" name="pp-05-python-writes-marker [nopy]" time="0.009" /><testcase classname="protect-paths" name="pp-06-quoted-split-path-in-bash-c" time="0.088" /><testcase classname="protect-paths" name="pp-07-write-tool-on-marker" time="0.084" /><testcase classname="protect-paths" name="pp-07-write-tool-on-marker [nopy]" time="0.008" /><testcase classname="protect-paths" name="pp-08-edit-tool-on-ledger-relative" time="0.111" /><testcase classname="protect-paths" name="pp-08-edit-tool-on-ledger-relative [nopy]" time="0.012" /><testcase classname="protect-paths" name="pp-09-write-audit-log-in-state-dir" time="0.105" /><testcase classname="protect-paths" name="pp-10-edit-plugin-hook" time="0.129" /><testcase classname="protect-paths" name="pp-10-edit-plugin-hook [nopy]" time="0.013" /><testcase classname="protect-paths" name="pp-11-bash-redirect-into-plugin-root" time="0.119" /><testcase classname="protect-paths" name="pp-12-compat-marker-touch" time="0.120" /><testcase classname="protect-paths" name="pp-12-compat-marker-touch [nopy]" time="0.010" /><testcase classname="protect-paths" name="pp-13-compat-marker-write-tool" time="0.097" /><testcase classname="protect-paths" name="pp-13-compat-marker-write-tool [nopy]" time="0.010" /><testcase classname="protect-paths" name="pp-14-running-plugin-script-allowed" time="0.101" /><testcase classname="protect-paths" name="pp-14-running-plugin-script-allowed [nopy]" time="0.045" /><testcase classname="protect-paths" name="pp-15-copy-template-out-of-plugin-allowed" time="0.108" /><testcase classname="protect-paths" name="pp-16-reading-the-audit-log-allowed" time="0.099" /><testcase classname="protect-paths" name="pp-17-docs-that-mention-the-path-allowed" time="0.097" /><testcase classname="protect-paths" name="pp-17-docs-that-mention-the-path-allowed [nopy]" time="0.020" /><testcase classname="session" name="ss-01-archive-newer-not-active" time="0.087" /><testcase classname="session" name="ss-02-only-archived-no-restore" time="0.108" /><testcase classname="session" name="ss-03-implemented-excluded" time="0.093" /><testcase classname="session" name="ss-04-several-active-none-selected" time="0.097" /><testcase classname="session" name="ss-05-branch-selects-change" time="0.087" /><testcase classname="session" name="ss-06-compact-wins-over-full" time="0.090" /><testcase classname="session" name="ss-07-full-when-no-compact" time="0.087" /><testcase classname="session" name="ss-08-team-level-compact-wins" time="0.091" /><testcase classname="session" name="ss-09-board-40-open-rows" time="0.088" /><testcase classname="session" name="ss-10-handoff-6kb-cut" time="0.090" /><testcase classname="session" name="ss-11-small-board-untouched" time="0.089" /><testcase classname="session" name="ss-12-checklist-done-items-dropped" time="0.098" /><testcase classname="session" name="ss-13-empty-notifications-startup-one-line" time="0.124" /><testcase classname="session" name="ss-13-empty-notifications-startup-one-line [nopy]" time="0.009" /><testcase classname="session" name="ss-14-empty-notifications-resume-silent" time="0.096" /><testcase classname="session" name="ss-14-empty-notifications-resume-silent [nopy]" time="0.008" /><testcase classname="session" name="ss-15-bare-openapi-under-karvey-parent-silent" time="0.094" /><testcase classname="session" name="ss-16-settings-only-on-origin-main-silent" time="0.098" /><testcase classname="session" name="ss-17-no-python-degraded-line" time="0.098" /><testcase classname="session" name="ss-17-no-python-degraded-line [nopy]" time="0.007" /><testcase classname="session" name="ss-18-legacy-management-string" time="0.087" /><testcase classname="session" name="ss-19-complete-settings-silent" time="0.088" /><testcase classname="session" name="ss-19-complete-settings-silent [nopy]" time="0.008" /><testcase classname="session" name="ss-20-non-karvey-dir-silent" time="0.087" /><testcase classname="session" name="ss-20-non-karvey-dir-silent [nopy]" time="0.010" /><testcase classname="session" name="ss-21-structured-additional-context" time="0.090" /><testcase classname="session" name="ss-22-resume-still-reinjects-without-notice" time="0.092" /><testcase classname="session" name="ss-23-worktree-state-measured" time="0.101" /><testcase classname="shims" name="shim-01-git-flow-commit-on-master-blocks" time="0.094" /><testcase classname="shims" name="shim-02-git-flow-feature-commit-allowed" time="0.093" /><testcase classname="shims" name="shim-03-plan-gate-write-without-marker-blocks" time="0.109" /><testcase classname="shims" name="shim-04-plan-gate-stream-redirection-allowed" time="0.089" /><testcase classname="smoke" name="smoke-01-plain-dir-bash-allow" time="0.084" /><testcase classname="smoke" name="smoke-01-plain-dir-bash-allow [nopy]" time="0.025" /><testcase classname="smoke" name="smoke-02-karvey-repo-bash-allow" time="0.093" /><testcase classname="smoke" name="smoke-02-karvey-repo-bash-allow [nopy]" time="0.040" /><testcase classname="smoke" name="smoke-03-selftest-block" time="0.087" /><testcase classname="smoke" name="smoke-03-selftest-block [nopy]" time="0.008" /><testcase classname="smoke" name="smoke-04-selftest-off-allows" time="0.108" /><testcase classname="smoke" name="smoke-04-selftest-off-allows [nopy]" time="0.031" /><testcase classname="smoke" name="smoke-05-edit-allow" time="0.125" /><testcase classname="smoke" name="smoke-05-edit-allow [nopy]" time="0.024" /><testcase classname="smoke" name="smoke-06-selftest-edit-block" time="0.107" /><testcase classname="smoke" name="smoke-06-selftest-edit-block [nopy]" time="0.009" /><testcase classname="smoke" name="smoke-07-prompt-records-marker" time="0.122" /><testcase classname="smoke" name="smoke-07-prompt-records-marker [nopy]" time="0.009" /><testcase classname="smoke" name="smoke-08-post-edit-silent" time="0.122" /><testcase classname="smoke" name="smoke-09-unparsable-command-stubs-allow" time="0.109" /><testcase classname="spec-write" name="sw-01-valid-spec-silent" time="0.119" /><testcase classname="spec-write" name="sw-02-valid-project-json-silent" time="0.131" /><testcase classname="spec-write" name="sw-03-enum-violation-qa-approved" time="0.135" /><testcase classname="spec-write" name="sw-04-enum-violation-management-tool" time="0.125" /><testcase classname="spec-write" name="sw-05-prod-ref-missing" time="0.132" /><testcase classname="spec-write" name="sw-06-non-spec-file-in-docs-spec" time="0.113" /><testcase classname="spec-write" name="sw-07-non-spec-file-outside-docs-spec" time="0.108" /><testcase classname="spec-write" name="sw-08-spec-json-outside-docs-spec" time="0.112" /><testcase classname="spec-write" name="sw-09-invalid-json" time="0.132" /><testcase classname="spec-write" name="sw-10-nopy-open-one-line" time="0.136" /><testcase classname="spec-write" name="sw-10-nopy-open-one-line [nopy]" time="0.011" /><testcase classname="spec-write" name="sw-11-non-karvey-repo-silent" time="0.112" /><testcase classname="spec-write" name="sw-12-pending-sorted-dedup-lf" time="0.122" /><testcase classname="spec-write" name="sw-13-pending-never-records-itself" time="0.130" /><testcase classname="spec-write" name="sw-14-pending-never-records-graphify-out" time="0.108" /><testcase classname="statusline" name="statusline-01-valid-tz-no-marker" time="0.046" /><testcase classname="statusline" name="statusline-02-invalid-tz-marked" time="0.068" /><testcase classname="statusline" name="statusline-03-no-tz-no-marker" time="0.038" /><testcase classname="statusline" name="statusline-04-only-7d-no-leading-separator" time="0.039" /><testcase classname="statusline" name="statusline-05-both-windows-one-separator" time="0.039" /><testcase classname="statusline" name="statusline-06-only-5h" time="0.042" /><testcase classname="statusline" name="statusline-07-rotation-default-from-defaults-json" time="0.037" /><testcase classname="statusline" name="statusline-08-rotation-unknown-when-defaults-missing" time="0.037" /><testcase classname="statusline" name="statusline-09-ctx-below-yellow-pct-green" time="0.038" /><testcase classname="statusline" name="statusline-10-ctx-yellow-at-30-pct" time="0.040" /><testcase classname="statusline" name="statusline-11-ctx-red-at-50-pct" time="0.038" /><testcase classname="statusline" name="statusline-12-pct-computed-from-window-size" time="0.039" /><testcase classname="statusline" name="statusline-13-token-fallback-without-window" time="0.037" /><testcase classname="statusline" name="statusline-14-pct-env-override" time="0.037" /><testcase classname="statusline" name="sl-fail-01-unreadable-stdin-shows-down-line" time="0.130" /><testcase classname="trailer" name="tr-01-off-by-default-silent" time="0.091" /><testcase classname="trailer" name="tr-02-warn-missing-prints-warning" time="0.099" /><testcase classname="trailer" name="tr-03-blocking-missing-blocks" time="0.093" /><testcase classname="trailer" name="tr-04-trailer-present-silent" time="0.097" /><testcase classname="trailer" name="tr-05-editor-commit-silent" time="0.091" /><testcase classname="trailer" name="tr-06-branch-of-no-active-change-silent" time="0.092" /><testcase classname="trailer" name="tr-07-file-with-trailer-silent" time="0.093" /><testcase classname="trailer" name="tr-08-file-without-trailer-blocks" time="0.094" /><testcase classname="trailer" name="tr-09-trailer-option-silent" time="0.090" /><testcase classname="trailer" name="tr-10-wrong-change-in-trailer-warns" time="0.091" /></testsuite>